{"name":"HomeElements","id":"Register_Test:HomeElements","testCaseName":"Register_Test","testSteps":[{"number":1,"description":"Register Elements ","duration":140,"startTime":1558956262702,"exception":{"errorType":"net.thucydides.core.webdriver.UnsupportedDriverException","message":"Could not instantiate new WebDriver instance of type class org.openqa.selenium.chrome.ChromeDriver (The driver executable does not exist: C:\\Users\\marius.cuibus\\Desktop\\Automation\\Project\\webdrivers\\chromedriver.exe","stackTrace":[{"declaringClass":"Register_Test","methodName":"setupBrowser","fileName":"Register_Test.java","lineNumber":35}]},"result":"ERROR","precondition":false},{"number":0,"description":"Failure","duration":0,"startTime":1558956262768,"exception":{"errorType":"java.lang.AssertionError","message":"Could not instantiate new WebDriver instance of type class org.openqa.selenium.chrome.ChromeDriver (The driver executable does not exist: C:\\Users\\marius.cuibus\\Desktop\\Automation\\Project\\webdrivers\\chromedriver.exe","stackTrace":[]},"result":"FAILURE","precondition":false}],"userStory":{"id":"common.Application.SomeFeature","storyName":"Some feature","storyClassName":"common.Application$SomeFeature","path":"common.Application","type":"story"},"featureTag":{"name":"Application/Some feature","type":"story"},"title":"Register Elements","tags":[{"name":"Application/Some feature","type":"story"}],"startTime":1558956262688,"duration":0,"dataTable":{"headers":["url"],"rows":[{"values":["http://blazedemo.com/"],"result":"ERROR"}],"predefinedRows":false,"dataSetDescriptors":[{"startRow":0,"rowCount":0}]},"manual":false,"result":"ERROR"}